#
# There is insufficient memory for the Java Runtime Environment to continue.
# Native memory allocation (mmap) failed to map 363331584 bytes for committing reserved memory.
# Possible reasons:
#   The system is out of physical RAM or swap space
#   In 32 bit mode, the process size limit was hit
# Possible solutions:
#   Reduce memory load on the system
#   Increase physical memory or swap space
#   Check if swap backing store is full
#   Use 64 bit Java on a 64 bit OS
#   Decrease Java heap size (-Xmx/-Xms)
#   Decrease number of Java threads
#   Decrease Java thread stack sizes (-Xss)
#   Set larger code cache with -XX:ReservedCodeCacheSize=
# This output file may be truncated or incomplete.
#
#  Out of Memory Error (os_linux.cpp:2673), pid=18491, tid=140283143444224
#
# JRE version: Java(TM) SE Runtime Environment (8.0_40-b25) (build 1.8.0_40-b25)
# Java VM: Java HotSpot(TM) 64-Bit Server VM (25.40-b25 mixed mode linux-amd64 compressed oops)
# Failed to write core dump. Core dumps have been disabled. To enable core dumping, try "ulimit -c unlimited" before starting Java again
#

---------------  T H R E A D  ---------------

Current thread (0x00007f9630009800):  JavaThread "main" [_thread_in_vm, id=18493, stack(0x00007f9636ded000,0x00007f9636eee000)]

Stack: [0x00007f9636ded000,0x00007f9636eee000],  sp=0x00007f9636eec0c0,  free space=1020k
Native frames: (J=compiled Java code, j=interpreted, Vv=VM code, C=native code)
V  [libjvm.so+0xaaca9a]  VMError::report_and_die()+0x2ba
V  [libjvm.so+0x4f333b]  report_vm_out_of_memory(char const*, int, unsigned long, VMErrorType, char const*)+0x8b
V  [libjvm.so+0x90e8c3]  os::Linux::commit_memory_impl(char*, unsigned long, bool)+0x103
V  [libjvm.so+0x90ee19]  os::pd_commit_memory(char*, unsigned long, unsigned long, bool)+0x29
V  [libjvm.so+0x90877a]  os::commit_memory(char*, unsigned long, unsigned long, bool)+0x2a
V  [libjvm.so+0x97bbc3]  PSVirtualSpace::expand_by(unsigned long)+0x53
V  [libjvm.so+0x96c420]  PSOldGen::expand(unsigned long)+0x170
V  [libjvm.so+0x96c6da]  PSOldGen::expand_and_allocate(unsigned long)+0x1a
V  [libjvm.so+0x96c7fb]  PSOldGen::allocate(unsigned long)+0xcb
V  [libjvm.so+0x931e0e]  ParallelScavengeHeap::mem_allocate(unsigned long, bool*)+0xfe
V  [libjvm.so+0x6471ce]  CollectedHeap::common_mem_allocate_init(KlassHandle, unsigned long, Thread*)+0x17e
V  [libjvm.so+0x636745]  InstanceKlass::allocate_objArray(int, int, Thread*)+0x175
V  [libjvm.so+0x675e6e]  InterpreterRuntime::anewarray(JavaThread*, ConstantPool*, int, int)+0x21e
j  java.util.Arrays.copyOf([Ljava/lang/Object;ILjava/lang/Class;)[Ljava/lang/Object;+7
j  java.util.Arrays.copyOf([Ljava/lang/Object;I)[Ljava/lang/Object;+6
j  java.util.ArrayList.grow(I)V+38
J 62% C2 estoque.Produto.getAll()Ljava/util/List; (99 bytes) @ 0x00007f9620f0cf8c [0x00007f9620f0cee0+0xac]

Java frames: (J=compiled Java code, j=interpreted, Vv=VM code)
j  java.util.Arrays.copyOf([Ljava/lang/Object;ILjava/lang/Class;)[Ljava/lang/Object;+7
j  java.util.Arrays.copyOf([Ljava/lang/Object;I)[Ljava/lang/Object;+6
j  java.util.ArrayList.grow(I)V+38
J 62% C2 estoque.Produto.getAll()Ljava/util/List; (99 bytes) @ 0x00007f9620f0cf8c [0x00007f9620f0cee0+0xac]
j  estoque.Produto.save()V+1
j  estoque.Produto.main([Ljava/lang/String;)V+45
v  ~StubRoutines::call_stub

---------------  P R O C E S S  ---------------

Java Threads: ( => current thread )
  0x00007f96300c2000 JavaThread "Service Thread" daemon [_thread_blocked, id=18508, stack(0x00007f9611964000,0x00007f9611a65000)]
  0x00007f96300bd000 JavaThread "C1 CompilerThread2" daemon [_thread_blocked, id=18507, stack(0x00007f9611a65000,0x00007f9611b66000)]
  0x00007f96300bb000 JavaThread "C2 CompilerThread1" daemon [_thread_blocked, id=18506, stack(0x00007f9611b66000,0x00007f9611c67000)]
  0x00007f96300b8000 JavaThread "C2 CompilerThread0" daemon [_thread_blocked, id=18505, stack(0x00007f9611c67000,0x00007f9611d68000)]
  0x00007f96300b6800 JavaThread "Signal Dispatcher" daemon [_thread_blocked, id=18504, stack(0x00007f9611d68000,0x00007f9611e69000)]
  0x00007f963007e800 JavaThread "Finalizer" daemon [_thread_blocked, id=18503, stack(0x00007f9612134000,0x00007f9612235000)]
  0x00007f963007c800 JavaThread "Reference Handler" daemon [_thread_blocked, id=18502, stack(0x00007f9612235000,0x00007f9612336000)]
=>0x00007f9630009800 JavaThread "main" [_thread_in_vm, id=18493, stack(0x00007f9636ded000,0x00007f9636eee000)]

Other Threads:
  0x00007f9630077800 VMThread [stack: 0x00007f9612336000,0x00007f9612437000] [id=18501]
  0x00007f96300c4800 WatcherThread [stack: 0x00007f9611863000,0x00007f9611964000] [id=18509]

VM state:not at safepoint (normal execution)

VM Mutex/Monitor currently owned by a thread:  ([mutex/lock_event])
[0x00007f96300058b0] ExpandHeap_lock - owner thread: 0x00007f9630009800
[0x00007f9630006430] Heap_lock - owner thread: 0x00007f9630009800

Heap:
 PSYoungGen      total 37888K, used 14353K [0x00000000d6900000, 0x00000000db300000, 0x0000000100000000)
  eden space 32768K, 42% used [0x00000000d6900000,0x00000000d7684448,0x00000000d8900000)
  from space 5120K, 10% used [0x00000000d8900000,0x00000000d8980020,0x00000000d8e00000)
  to   space 5120K, 0% used [0x00000000dae00000,0x00000000dae00000,0x00000000db300000)
 ParOldGen       total 702976K, used 677173K [0x0000000083a00000, 0x00000000ae880000, 0x00000000d6900000)
  object space 702976K, 96% used [0x0000000083a00000,0x00000000acf4d6d0,0x00000000ae880000)
 Metaspace       used 3159K, capacity 4506K, committed 4864K, reserved 1056768K
  class space    used 345K, capacity 388K, committed 512K, reserved 1048576K

Card table byte_map: [0x00007f9620641000,0x00007f9620a25000] byte_map_base: 0x00007f9620224000

Marking Bits: (ParMarkBitMap*) 0x00007f96362ca6c0
 Begin Bits: [0x00007f96181d0000, 0x00007f961a0e8000)
 End Bits:   [0x00007f961a0e8000, 0x00007f961c000000)

Polling page: 0x00007f9636f11000

CodeCache: size=245760Kb used=1170Kb max_used=1182Kb free=244589Kb
 bounds [0x00007f9620de5000, 0x00007f9621055000, 0x00007f962fde5000]
 total_blobs=312 nmethods=62 adapters=164
 compilation: enabled

Compilation events (10 events):
Event: 0,123 Thread 0x00007f96300bb000   59       4       java.util.ArrayList::get (11 bytes)
Event: 0,124 Thread 0x00007f96300bd000 nmethod 55 0x00007f9620f05850 code [0x00007f9620f05a60, 0x00007f9620f064f8]
Event: 0,124 Thread 0x00007f96300bb000 nmethod 59 0x00007f9620f09750 code [0x00007f9620f098a0, 0x00007f9620f09978]
Event: 0,125 Thread 0x00007f96300b8000 nmethod 58 0x00007f9620f07dd0 code [0x00007f9620f07f40, 0x00007f9620f080c8]
Event: 0,128 Thread 0x00007f96300bd000   60 % !   3       estoque.Produto::getAll @ 57 (99 bytes)
Event: 0,128 Thread 0x00007f96300bd000 nmethod 60% 0x00007f9620f06a90 code [0x00007f9620f06cc0, 0x00007f9620f07838]
Event: 0,128 Thread 0x00007f96300bd000   61   !   3       estoque.Produto::getAll (99 bytes)
Event: 0,129 Thread 0x00007f96300bd000 nmethod 61 0x00007f9620f08590 code [0x00007f9620f087c0, 0x00007f9620f09258]
Event: 0,129 Thread 0x00007f96300bb000   62 % !   4       estoque.Produto::getAll @ 57 (99 bytes)
Event: 0,132 Thread 0x00007f96300bb000 nmethod 62% 0x00007f9620f0cd50 code [0x00007f9620f0cee0, 0x00007f9620f0d228]

GC Heap History (2 events):
Event: 0,148 GC heap before
{Heap before GC invocations=1 (full 0):
 PSYoungGen      total 37888K, used 29823K [0x00000000d6900000, 0x00000000d9300000, 0x0000000100000000)
  eden space 32768K, 91% used [0x00000000d6900000,0x00000000d861ffc8,0x00000000d8900000)
  from space 5120K, 0% used [0x00000000d8e00000,0x00000000d8e00000,0x00000000d9300000)
  to   space 5120K, 0% used [0x00000000d8900000,0x00000000d8900000,0x00000000d8e00000)
 ParOldGen       total 86016K, used 0K [0x0000000083a00000, 0x0000000088e00000, 0x00000000d6900000)
  object space 86016K, 0% used [0x0000000083a00000,0x0000000083a00000,0x0000000088e00000)
 Metaspace       used 3159K, capacity 4506K, committed 4864K, reserved 1056768K
  class space    used 345K, capacity 388K, committed 512K, reserved 1048576K
Event: 0,161 GC heap after
Heap after GC invocations=1 (full 0):
 PSYoungGen      total 37888K, used 512K [0x00000000d6900000, 0x00000000db300000, 0x0000000100000000)
  eden space 32768K, 0% used [0x00000000d6900000,0x00000000d6900000,0x00000000d8900000)
  from space 5120K, 10% used [0x00000000d8900000,0x00000000d8980020,0x00000000d8e00000)
  to   space 5120K, 0% used [0x00000000dae00000,0x00000000dae00000,0x00000000db300000)
 ParOldGen       total 86016K, used 9235K [0x0000000083a00000, 0x0000000088e00000, 0x00000000d6900000)
  object space 86016K, 10% used [0x0000000083a00000,0x0000000084304d80,0x0000000088e00000)
 Metaspace       used 3159K, capacity 4506K, committed 4864K, reserved 1056768K
  class space    used 345K, capacity 388K, committed 512K, reserved 1048576K
}

Deoptimization events (0 events):
No events

Internal exceptions (3 events):
Event: 0,067 Thread 0x00007f9630009800 Exception <a 'java/lang/NoSuchMethodError': Method sun.misc.Unsafe.defineClass(Ljava/lang/String;[BII)Ljava/lang/Class; name or signature does not match> (0x00000000d6912a38) thrown at [/HUDSON/workspace/8-2-build-linux-amd64/jdk8u40/2855/hotspot/src/shar
Event: 0,067 Thread 0x00007f9630009800 Exception <a 'java/lang/NoSuchMethodError': Method sun.misc.Unsafe.prefetchRead(Ljava/lang/Object;J)V name or signature does not match> (0x00000000d6912cc8) thrown at [/HUDSON/workspace/8-2-build-linux-amd64/jdk8u40/2855/hotspot/src/share/vm/prims/jni.cpp
Event: 0,107 Thread 0x00007f9630009800 Exception <a 'java/lang/NoSuchMethodError': <clinit>> (0x00000000d6978190) thrown at [/HUDSON/workspace/8-2-build-linux-amd64/jdk8u40/2855/hotspot/src/share/vm/prims/jni.cpp, line 1598]

Events (10 events):
Event: 0,121 loading class sun/security/jca/GetInstance$Instance
Event: 0,121 loading class sun/security/jca/GetInstance$Instance done
Event: 0,121 loading class java/security/MessageDigest$Delegate
Event: 0,121 loading class java/security/MessageDigest$Delegate done
Event: 0,121 loading class sun/security/provider/ByteArrayAccess
Event: 0,121 loading class sun/security/provider/ByteArrayAccess done
Event: 0,134 Thread 0x00007f9630009800 DEOPT PACKING pc=0x00007f9620f07685 sp=0x00007f9636eec790
Event: 0,134 Thread 0x00007f9630009800 DEOPT UNPACKING pc=0x00007f9620e2c633 sp=0x00007f9636eec540 mode 0
Event: 0,148 Executing VM operation: ParallelGCFailedAllocation
Event: 0,161 Executing VM operation: ParallelGCFailedAllocation done


Dynamic libraries:
00400000-00401000 r-xp 00000000 08:01 13766846                           /usr/lib/jvm/java-8-oracle/bin/java
00600000-00601000 rw-p 00000000 08:01 13766846                           /usr/lib/jvm/java-8-oracle/bin/java
012b9000-012da000 rw-p 00000000 00:00 0                                  [heap]
83a00000-ae880000 rw-p 00000000 00:00 0 
c4300000-d6900000 ---p 00000000 00:00 0 
d6900000-db300000 rw-p 00000000 00:00 0 
db300000-100000000 ---p 00000000 00:00 0 
100000000-100080000 rw-p 00000000 00:00 0 
100080000-140000000 ---p 00000000 00:00 0 
7f95e4000000-7f95e4021000 rw-p 00000000 00:00 0 
7f95e4021000-7f95e8000000 ---p 00000000 00:00 0 
7f95e8000000-7f95e8021000 rw-p 00000000 00:00 0 
7f95e8021000-7f95ec000000 ---p 00000000 00:00 0 
7f95ec000000-7f95ec046000 rw-p 00000000 00:00 0 
7f95ec046000-7f95f0000000 ---p 00000000 00:00 0 
7f95f0000000-7f95f0048000 rw-p 00000000 00:00 0 
7f95f0048000-7f95f4000000 ---p 00000000 00:00 0 
7f95f4000000-7f95f4021000 rw-p 00000000 00:00 0 
7f95f4021000-7f95f8000000 ---p 00000000 00:00 0 
7f95f8000000-7f95f8067000 rw-p 00000000 00:00 0 
7f95f8067000-7f95fc000000 ---p 00000000 00:00 0 
7f95fc000000-7f95fc021000 rw-p 00000000 00:00 0 
7f95fc021000-7f9600000000 ---p 00000000 00:00 0 
7f9600000000-7f9600021000 rw-p 00000000 00:00 0 
7f9600021000-7f9604000000 ---p 00000000 00:00 0 
7f9604000000-7f9604021000 rw-p 00000000 00:00 0 
7f9604021000-7f9608000000 ---p 00000000 00:00 0 
7f9608000000-7f9608021000 rw-p 00000000 00:00 0 
7f9608021000-7f960c000000 ---p 00000000 00:00 0 
7f960c000000-7f960c021000 rw-p 00000000 00:00 0 
7f960c021000-7f9610000000 ---p 00000000 00:00 0 
7f96115df000-7f9611863000 rw-p 00000000 00:00 0 
7f9611863000-7f9611864000 ---p 00000000 00:00 0 
7f9611864000-7f9611964000 rw-p 00000000 00:00 0                          [stack:18509]
7f9611964000-7f9611967000 ---p 00000000 00:00 0 
7f9611967000-7f9611a65000 rw-p 00000000 00:00 0                          [stack:18508]
7f9611a65000-7f9611a68000 ---p 00000000 00:00 0 
7f9611a68000-7f9611b66000 rw-p 00000000 00:00 0                          [stack:18507]
7f9611b66000-7f9611b69000 ---p 00000000 00:00 0 
7f9611b69000-7f9611c67000 rw-p 00000000 00:00 0                          [stack:18506]
7f9611c67000-7f9611c6a000 ---p 00000000 00:00 0 
7f9611c6a000-7f9611d68000 rw-p 00000000 00:00 0                          [stack:18505]
7f9611d68000-7f9611d6b000 ---p 00000000 00:00 0 
7f9611d6b000-7f9611e69000 rw-p 00000000 00:00 0                          [stack:18504]
7f9611e69000-7f9612134000 r--p 00000000 08:01 11016113                   /usr/lib/locale/locale-archive
7f9612134000-7f9612137000 ---p 00000000 00:00 0 
7f9612137000-7f9612235000 rw-p 00000000 00:00 0                          [stack:18503]
7f9612235000-7f9612238000 ---p 00000000 00:00 0 
7f9612238000-7f9612336000 rw-p 00000000 00:00 0                          [stack:18502]
7f9612336000-7f9612337000 ---p 00000000 00:00 0 
7f9612337000-7f9613245000 rw-p 00000000 00:00 0                          [stack:18501]
7f9613245000-7f961341d000 r--s 03d09000 08:01 13374074                   /usr/lib/jvm/java-8-oracle/jre/lib/rt.jar
7f961341d000-7f961385d000 rw-p 00000000 00:00 0 
7f961385d000-7f9613c1d000 ---p 00000000 00:00 0 
7f9613c1d000-7f9614000000 rw-p 00000000 00:00 0 
7f9614000000-7f9614021000 rw-p 00000000 00:00 0 
7f9614021000-7f9618000000 ---p 00000000 00:00 0 
7f961808c000-7f96180ae000 r--p 00000000 08:01 12717891                   /usr/share/locale-langpack/pt_BR/LC_MESSAGES/libc.mo
7f96180ae000-7f961c000000 rw-p 00000000 00:00 0 
7f961c000000-7f961c021000 rw-p 00000000 00:00 0 
7f961c021000-7f9620000000 ---p 00000000 00:00 0 
7f9620015000-7f96200a6000 rw-p 00000000 00:00 0 
7f96200a6000-7f96200a7000 ---p 00000000 00:00 0 
7f96200a7000-7f96201a7000 rw-p 00000000 00:00 0                          [stack:18498]
7f96201a7000-7f96201a8000 ---p 00000000 00:00 0 
7f96201a8000-7f96202a8000 rw-p 00000000 00:00 0                          [stack:18497]
7f96202a8000-7f96202a9000 ---p 00000000 00:00 0 
7f96202a9000-7f9620501000 rw-p 00000000 00:00 0                          [stack:18495]
7f9620501000-7f9620641000 ---p 00000000 00:00 0 
7f9620641000-7f9620799000 rw-p 00000000 00:00 0 
7f9620799000-7f96208d8000 ---p 00000000 00:00 0 
7f96208d8000-7f96208fe000 rw-p 00000000 00:00 0 
7f96208fe000-7f9620a24000 ---p 00000000 00:00 0 
7f9620a24000-7f9620a2f000 rw-p 00000000 00:00 0 
7f9620a2f000-7f9620de5000 ---p 00000000 00:00 0 
7f9620de5000-7f9621055000 rwxp 00000000 00:00 0 
7f9621055000-7f962fde5000 ---p 00000000 00:00 0 
7f962fde5000-7f962fdff000 r-xp 00000000 08:01 13503190                   /usr/lib/jvm/java-8-oracle/jre/lib/amd64/libzip.so
7f962fdff000-7f962ffff000 ---p 0001a000 08:01 13503190                   /usr/lib/jvm/java-8-oracle/jre/lib/amd64/libzip.so
7f962ffff000-7f9630000000 rw-p 0001a000 08:01 13503190                   /usr/lib/jvm/java-8-oracle/jre/lib/amd64/libzip.so
7f9630000000-7f9630118000 rw-p 00000000 00:00 0 
7f9630118000-7f9634000000 ---p 00000000 00:00 0 
7f9634010000-7f96340a7000 rw-p 00000000 00:00 0 
7f96340a7000-7f96340a8000 ---p 00000000 00:00 0 
7f96340a8000-7f96341a8000 rw-p 00000000 00:00 0                          [stack:18494]
7f96341a8000-7f96341b3000 r-xp 00000000 08:01 27919326                   /lib/x86_64-linux-gnu/libnss_files-2.19.so
7f96341b3000-7f96343b2000 ---p 0000b000 08:01 27919326                   /lib/x86_64-linux-gnu/libnss_files-2.19.so
7f96343b2000-7f96343b3000 r--p 0000a000 08:01 27919326                   /lib/x86_64-linux-gnu/libnss_files-2.19.so
7f96343b3000-7f96343b4000 rw-p 0000b000 08:01 27919326                   /lib/x86_64-linux-gnu/libnss_files-2.19.so
7f96343b4000-7f96343bf000 r-xp 00000000 08:01 27919390                   /lib/x86_64-linux-gnu/libnss_nis-2.19.so
7f96343bf000-7f96345be000 ---p 0000b000 08:01 27919390                   /lib/x86_64-linux-gnu/libnss_nis-2.19.so
7f96345be000-7f96345bf000 r--p 0000a000 08:01 27919390                   /lib/x86_64-linux-gnu/libnss_nis-2.19.so
7f96345bf000-7f96345c0000 rw-p 0000b000 08:01 27919390                   /lib/x86_64-linux-gnu/libnss_nis-2.19.so
7f96345c0000-7f96345d7000 r-xp 00000000 08:01 27919348                   /lib/x86_64-linux-gnu/libnsl-2.19.so
7f96345d7000-7f96347d6000 ---p 00017000 08:01 27919348                   /lib/x86_64-linux-gnu/libnsl-2.19.so
7f96347d6000-7f96347d7000 r--p 00016000 08:01 27919348                   /lib/x86_64-linux-gnu/libnsl-2.19.so
7f96347d7000-7f96347d8000 rw-p 00017000 08:01 27919348                   /lib/x86_64-linux-gnu/libnsl-2.19.so
7f96347d8000-7f96347da000 rw-p 00000000 00:00 0 
7f96347da000-7f96347e3000 r-xp 00000000 08:01 27919347                   /lib/x86_64-linux-gnu/libnss_compat-2.19.so
7f96347e3000-7f96349e2000 ---p 00009000 08:01 27919347                   /lib/x86_64-linux-gnu/libnss_compat-2.19.so
7f96349e2000-7f96349e3000 r--p 00008000 08:01 27919347                   /lib/x86_64-linux-gnu/libnss_compat-2.19.so
7f96349e3000-7f96349e4000 rw-p 00009000 08:01 27919347                   /lib/x86_64-linux-gnu/libnss_compat-2.19.so
7f96349e4000-7f9634a0e000 r-xp 00000000 08:01 13503192                   /usr/lib/jvm/java-8-oracle/jre/lib/amd64/libjava.so
7f9634a0e000-7f9634c0e000 ---p 0002a000 08:01 13503192                   /usr/lib/jvm/java-8-oracle/jre/lib/amd64/libjava.so
7f9634c0e000-7f9634c10000 rw-p 0002a000 08:01 13503192                   /usr/lib/jvm/java-8-oracle/jre/lib/amd64/libjava.so
7f9634c10000-7f9634c1d000 r-xp 00000000 08:01 13503227                   /usr/lib/jvm/java-8-oracle/jre/lib/amd64/libverify.so
7f9634c1d000-7f9634e1d000 ---p 0000d000 08:01 13503227                   /usr/lib/jvm/java-8-oracle/jre/lib/amd64/libverify.so
7f9634e1d000-7f9634e1f000 rw-p 0000d000 08:01 13503227                   /usr/lib/jvm/java-8-oracle/jre/lib/amd64/libverify.so
7f9634e1f000-7f9634e26000 r-xp 00000000 08:01 27919387                   /lib/x86_64-linux-gnu/librt-2.19.so
7f9634e26000-7f9635025000 ---p 00007000 08:01 27919387                   /lib/x86_64-linux-gnu/librt-2.19.so
7f9635025000-7f9635026000 r--p 00006000 08:01 27919387                   /lib/x86_64-linux-gnu/librt-2.19.so
7f9635026000-7f9635027000 rw-p 00007000 08:01 27919387                   /lib/x86_64-linux-gnu/librt-2.19.so
7f9635027000-7f963512c000 r-xp 00000000 08:01 27919325                   /lib/x86_64-linux-gnu/libm-2.19.so
7f963512c000-7f963532b000 ---p 00105000 08:01 27919325                   /lib/x86_64-linux-gnu/libm-2.19.so
7f963532b000-7f963532c000 r--p 00104000 08:01 27919325                   /lib/x86_64-linux-gnu/libm-2.19.so
7f963532c000-7f963532d000 rw-p 00105000 08:01 27919325                   /lib/x86_64-linux-gnu/libm-2.19.so
7f963532d000-7f9635fdb000 r-xp 00000000 08:01 13503207                   /usr/lib/jvm/java-8-oracle/jre/lib/amd64/server/libjvm.so
7f9635fdb000-7f96361da000 ---p 00cae000 08:01 13503207                   /usr/lib/jvm/java-8-oracle/jre/lib/amd64/server/libjvm.so
7f96361da000-7f96362b1000 rw-p 00cad000 08:01 13503207                   /usr/lib/jvm/java-8-oracle/jre/lib/amd64/server/libjvm.so
7f96362b1000-7f96362f5000 rw-p 00000000 00:00 0 
7f96362f5000-7f96364b0000 r-xp 00000000 08:01 27919376                   /lib/x86_64-linux-gnu/libc-2.19.so
7f96364b0000-7f96366af000 ---p 001bb000 08:01 27919376                   /lib/x86_64-linux-gnu/libc-2.19.so
7f96366af000-7f96366b3000 r--p 001ba000 08:01 27919376                   /lib/x86_64-linux-gnu/libc-2.19.so
7f96366b3000-7f96366b5000 rw-p 001be000 08:01 27919376                   /lib/x86_64-linux-gnu/libc-2.19.so
7f96366b5000-7f96366ba000 rw-p 00000000 00:00 0 
7f96366ba000-7f96366bd000 r-xp 00000000 08:01 27919329                   /lib/x86_64-linux-gnu/libdl-2.19.so
7f96366bd000-7f96368bc000 ---p 00003000 08:01 27919329                   /lib/x86_64-linux-gnu/libdl-2.19.so
7f96368bc000-7f96368bd000 r--p 00002000 08:01 27919329                   /lib/x86_64-linux-gnu/libdl-2.19.so
7f96368bd000-7f96368be000 rw-p 00003000 08:01 27919329                   /lib/x86_64-linux-gnu/libdl-2.19.so
7f96368be000-7f96368d3000 r-xp 00000000 08:01 13373873                   /usr/lib/jvm/java-8-oracle/lib/amd64/jli/libjli.so
7f96368d3000-7f9636ad3000 ---p 00015000 08:01 13373873                   /usr/lib/jvm/java-8-oracle/lib/amd64/jli/libjli.so
7f9636ad3000-7f9636ad4000 rw-p 00015000 08:01 13373873                   /usr/lib/jvm/java-8-oracle/lib/amd64/jli/libjli.so
7f9636ad4000-7f9636aed000 r-xp 00000000 08:01 27919377                   /lib/x86_64-linux-gnu/libpthread-2.19.so
7f9636aed000-7f9636cec000 ---p 00019000 08:01 27919377                   /lib/x86_64-linux-gnu/libpthread-2.19.so
7f9636cec000-7f9636ced000 r--p 00018000 08:01 27919377                   /lib/x86_64-linux-gnu/libpthread-2.19.so
7f9636ced000-7f9636cee000 rw-p 00019000 08:01 27919377                   /lib/x86_64-linux-gnu/libpthread-2.19.so
7f9636cee000-7f9636cf2000 rw-p 00000000 00:00 0 
7f9636cf2000-7f9636d15000 r-xp 00000000 08:01 27919352                   /lib/x86_64-linux-gnu/ld-2.19.so
7f9636d22000-7f9636ded000 rw-p 00000000 00:00 0 
7f9636ded000-7f9636df0000 ---p 00000000 00:00 0 
7f9636df0000-7f9636ef2000 rw-p 00000000 00:00 0                          [stack:18493]
7f9636efb000-7f9636efc000 rw-p 00000000 00:00 0 
7f9636efc000-7f9636f03000 r--s 00000000 08:01 11540632                   /usr/lib/x86_64-linux-gnu/gconv/gconv-modules.cache
7f9636f03000-7f9636f08000 r--s 00094000 08:01 13374068                   /usr/lib/jvm/java-8-oracle/jre/lib/jsse.jar
7f9636f08000-7f9636f10000 rw-s 00000000 08:01 8782247                    /tmp/hsperfdata_gilmar/18491
7f9636f10000-7f9636f11000 rw-p 00000000 00:00 0 
7f9636f11000-7f9636f12000 r--p 00000000 00:00 0 
7f9636f12000-7f9636f14000 rw-p 00000000 00:00 0 
7f9636f14000-7f9636f15000 r--p 00022000 08:01 27919352                   /lib/x86_64-linux-gnu/ld-2.19.so
7f9636f15000-7f9636f16000 rw-p 00023000 08:01 27919352                   /lib/x86_64-linux-gnu/ld-2.19.so
7f9636f16000-7f9636f17000 rw-p 00000000 00:00 0 
7fffdb1a8000-7fffdb1c9000 rw-p 00000000 00:00 0                          [stack]
7fffdb1fe000-7fffdb200000 r-xp 00000000 00:00 0                          [vdso]
ffffffffff600000-ffffffffff601000 r-xp 00000000 00:00 0                  [vsyscall]

VM Arguments:
jvm_args: -Dfile.encoding=UTF-8 
java_command: estoque.Produto
java_class_path (initial): /home/gilmar/Dropbox/AIEC/exercicios/POO/Estoque/build/classes
Launcher Type: SUN_STANDARD

Environment Variables:
JAVA_HOME=/usr/lib/jvm/java-8-oracle
PATH=/usr/local/sbin:/usr/local/bin:/usr/sbin:/usr/bin:/sbin:/bin:/usr/games:/usr/local/games:/usr/lib/jvm/java-8-oracle/bin:/usr/lib/jvm/java-8-oracle/db/bin:/usr/lib/jvm/java-8-oracle/jre/bin
USERNAME=gilmar
LD_LIBRARY_PATH=/usr/lib/jvm/java-8-oracle/jre/lib/amd64:/usr/lib/jvm/java-8-oracle/jre/lib/i386:
SHELL=/bin/bash
DISPLAY=:0

Signal Handlers:
SIGSEGV: [libjvm.so+0xaad2e0], sa_mask[0]=11111111011111111101111111111110, sa_flags=SA_RESTART|SA_SIGINFO
SIGBUS: [libjvm.so+0xaad2e0], sa_mask[0]=11111111011111111101111111111110, sa_flags=SA_RESTART|SA_SIGINFO
SIGFPE: [libjvm.so+0x90b550], sa_mask[0]=11111111011111111101111111111110, sa_flags=SA_RESTART|SA_SIGINFO
SIGPIPE: [libjvm.so+0x90b550], sa_mask[0]=11111111011111111101111111111110, sa_flags=SA_RESTART|SA_SIGINFO
SIGXFSZ: [libjvm.so+0x90b550], sa_mask[0]=11111111011111111101111111111110, sa_flags=SA_RESTART|SA_SIGINFO
SIGILL: [libjvm.so+0x90b550], sa_mask[0]=11111111011111111101111111111110, sa_flags=SA_RESTART|SA_SIGINFO
SIGUSR1: SIG_DFL, sa_mask[0]=00000000000000000000000000000000, sa_flags=none
SIGUSR2: [libjvm.so+0x90cb90], sa_mask[0]=00100000000000000000000000000000, sa_flags=SA_RESTART|SA_SIGINFO
SIGHUP: [libjvm.so+0x90dee0], sa_mask[0]=11111111011111111101111111111110, sa_flags=SA_RESTART|SA_SIGINFO
SIGINT: SIG_IGN, sa_mask[0]=00000000000000000000000000000000, sa_flags=none
SIGTERM: [libjvm.so+0x90dee0], sa_mask[0]=11111111011111111101111111111110, sa_flags=SA_RESTART|SA_SIGINFO
SIGQUIT: [libjvm.so+0x90dee0], sa_mask[0]=11111111011111111101111111111110, sa_flags=SA_RESTART|SA_SIGINFO


---------------  S Y S T E M  ---------------

OS:DISTRIB_ID=LinuxMint
DISTRIB_RELEASE=17.1
DISTRIB_CODENAME=rebecca
DISTRIB_DESCRIPTION="Linux Mint 17.1 Rebecca"

uname:Linux 3.13.0-37-generic #64-Ubuntu SMP Mon Sep 22 21:28:38 UTC 2014 x86_64
libc:glibc 2.19 NPTL 2.19 
rlimit: STACK 8192k, CORE 0k, NPROC 63401, NOFILE 4096, AS infinity
load average:0,65 0,51 0,53

/proc/meminfo:
MemTotal:        8146548 kB
MemFree:          160960 kB
Buffers:            1500 kB
Cached:           292396 kB
SwapCached:            0 kB
Active:          7325984 kB
Inactive:         185256 kB
Active(anon):    7226660 kB
Inactive(anon):    82816 kB
Active(file):      99324 kB
Inactive(file):   102440 kB
Unevictable:         324 kB
Mlocked:             324 kB
SwapTotal:             0 kB
SwapFree:              0 kB
Dirty:               868 kB
Writeback:             0 kB
AnonPages:       7217968 kB
Mapped:           199544 kB
Shmem:             91844 kB
Slab:             147552 kB
SReclaimable:      63932 kB
SUnreclaim:        83620 kB
KernelStack:        7576 kB
PageTables:        67236 kB
NFS_Unstable:          0 kB
Bounce:                0 kB
WritebackTmp:          0 kB
CommitLimit:     4073272 kB
Committed_AS:   13197336 kB
VmallocTotal:   34359738367 kB
VmallocUsed:       96688 kB
VmallocChunk:   34359598272 kB
HardwareCorrupted:     0 kB
AnonHugePages:   2463744 kB
HugePages_Total:       0
HugePages_Free:        0
HugePages_Rsvd:        0
HugePages_Surp:        0
Hugepagesize:       2048 kB
DirectMap4k:      100820 kB
DirectMap2M:     8257536 kB


CPU:total 4 (4 cores per cpu, 1 threads per core) family 6 model 58 stepping 9, cmov, cx8, fxsr, mmx, sse, sse2, sse3, ssse3, sse4.1, sse4.2, popcnt, avx, aes, clmul, erms, tsc, tscinvbit, tscinv

/proc/cpuinfo:
processor	: 0
vendor_id	: GenuineIntel
cpu family	: 6
model		: 58
model name	: Intel(R) Core(TM) i5-3470 CPU @ 3.20GHz
stepping	: 9
microcode	: 0x16
cpu MHz		: 3201.000
cache size	: 6144 KB
physical id	: 0
siblings	: 4
core id		: 0
cpu cores	: 4
apicid		: 0
initial apicid	: 0
fpu		: yes
fpu_exception	: yes
cpuid level	: 13
wp		: yes
flags		: fpu vme de pse tsc msr pae mce cx8 apic sep mtrr pge mca cmov pat pse36 clflush dts acpi mmx fxsr sse sse2 ss ht tm pbe syscall nx rdtscp lm constant_tsc arch_perfmon pebs bts rep_good nopl xtopology nonstop_tsc aperfmperf eagerfpu pni pclmulqdq dtes64 monitor ds_cpl vmx smx est tm2 ssse3 cx16 xtpr pdcm pcid sse4_1 sse4_2 x2apic popcnt tsc_deadline_timer aes xsave avx f16c rdrand lahf_lm ida arat epb xsaveopt pln pts dtherm tpr_shadow vnmi flexpriority ept vpid fsgsbase smep erms
bogomips	: 6385.52
clflush size	: 64
cache_alignment	: 64
address sizes	: 36 bits physical, 48 bits virtual
power management:

processor	: 1
vendor_id	: GenuineIntel
cpu family	: 6
model		: 58
model name	: Intel(R) Core(TM) i5-3470 CPU @ 3.20GHz
stepping	: 9
microcode	: 0x16
cpu MHz		: 3201.000
cache size	: 6144 KB
physical id	: 0
siblings	: 4
core id		: 1
cpu cores	: 4
apicid		: 2
initial apicid	: 2
fpu		: yes
fpu_exception	: yes
cpuid level	: 13
wp		: yes
flags		: fpu vme de pse tsc msr pae mce cx8 apic sep mtrr pge mca cmov pat pse36 clflush dts acpi mmx fxsr sse sse2 ss ht tm pbe syscall nx rdtscp lm constant_tsc arch_perfmon pebs bts rep_good nopl xtopology nonstop_tsc aperfmperf eagerfpu pni pclmulqdq dtes64 monitor ds_cpl vmx smx est tm2 ssse3 cx16 xtpr pdcm pcid sse4_1 sse4_2 x2apic popcnt tsc_deadline_timer aes xsave avx f16c rdrand lahf_lm ida arat epb xsaveopt pln pts dtherm tpr_shadow vnmi flexpriority ept vpid fsgsbase smep erms
bogomips	: 6385.52
clflush size	: 64
cache_alignment	: 64
address sizes	: 36 bits physical, 48 bits virtual
power management:

processor	: 2
vendor_id	: GenuineIntel
cpu family	: 6
model		: 58
model name	: Intel(R) Core(TM) i5-3470 CPU @ 3.20GHz
stepping	: 9
microcode	: 0x16
cpu MHz		: 3201.000
cache size	: 6144 KB
physical id	: 0
siblings	: 4
core id		: 2
cpu cores	: 4
apicid		: 4
initial apicid	: 4
fpu		: yes
fpu_exception	: yes
cpuid level	: 13
wp		: yes
flags		: fpu vme de pse tsc msr pae mce cx8 apic sep mtrr pge mca cmov pat pse36 clflush dts acpi mmx fxsr sse sse2 ss ht tm pbe syscall nx rdtscp lm constant_tsc arch_perfmon pebs bts rep_good nopl xtopology nonstop_tsc aperfmperf eagerfpu pni pclmulqdq dtes64 monitor ds_cpl vmx smx est tm2 ssse3 cx16 xtpr pdcm pcid sse4_1 sse4_2 x2apic popcnt tsc_deadline_timer aes xsave avx f16c rdrand lahf_lm ida arat epb xsaveopt pln pts dtherm tpr_shadow vnmi flexpriority ept vpid fsgsbase smep erms
bogomips	: 6385.52
clflush size	: 64
cache_alignment	: 64
address sizes	: 36 bits physical, 48 bits virtual
power management:

processor	: 3
vendor_id	: GenuineIntel
cpu family	: 6
model		: 58
model name	: Intel(R) Core(TM) i5-3470 CPU @ 3.20GHz
stepping	: 9
microcode	: 0x16
cpu MHz		: 1600.000
cache size	: 6144 KB
physical id	: 0
siblings	: 4
core id		: 3
cpu cores	: 4
apicid		: 6
initial apicid	: 6
fpu		: yes
fpu_exception	: yes
cpuid level	: 13
wp		: yes
flags		: fpu vme de pse tsc msr pae mce cx8 apic sep mtrr pge mca cmov pat pse36 clflush dts acpi mmx fxsr sse sse2 ss ht tm pbe syscall nx rdtscp lm constant_tsc arch_perfmon pebs bts rep_good nopl xtopology nonstop_tsc aperfmperf eagerfpu pni pclmulqdq dtes64 monitor ds_cpl vmx smx est tm2 ssse3 cx16 xtpr pdcm pcid sse4_1 sse4_2 x2apic popcnt tsc_deadline_timer aes xsave avx f16c rdrand lahf_lm ida arat epb xsaveopt pln pts dtherm tpr_shadow vnmi flexpriority ept vpid fsgsbase smep erms
bogomips	: 6385.52
clflush size	: 64
cache_alignment	: 64
address sizes	: 36 bits physical, 48 bits virtual
power management:



Memory: 4k page, physical 8146548k(164208k free), swap 0k(0k free)

vm_info: Java HotSpot(TM) 64-Bit Server VM (25.40-b25) for linux-amd64 JRE (1.8.0_40-b25), built on Feb 10 2015 21:29:53 by "java_re" with gcc 4.3.0 20080428 (Red Hat 4.3.0-8)

time: Tue Sep  8 13:49:37 2015
elapsed time: 1 seconds (0d 0h 0m 1s)

